# JRE version: Java(TM) SE Runtime Environment (11.0.1+13) (build 11.0.1+13-LTS)
# Java VM: Java HotSpot(TM) 64-Bit Server VM (11.0.1+13-LTS, mixed mode, tiered, compressed oops, g1 gc, windows-amd64)
Heap:
 garbage-first heap   total 262144K, used 72403K [0x0000000080000000, 0x0000000100000000)
  region size 1024K, 48 young (49152K), 2 survivors (2048K)
 Metaspace       used 27936K, capacity 28841K, committed 29104K, reserved 1075200K
  class space    used 3698K, capacity 4027K, committed 4096K, reserved 1048576K
GC Heap History (6 events):
Event: 0.596 GC heap before
{Heap before GC invocations=0 (full 0):
 garbage-first heap   total 262144K, used 29696K [0x0000000080000000, 0x0000000100000000)
  region size 1024K, 24 young (24576K), 0 survivors (0K)
 Metaspace       used 9881K, capacity 10109K, committed 10368K, reserved 1058816K
  class space    used 1017K, capacity 1072K, committed 1152K, reserved 1048576K
}
Event: 0.599 GC heap after
{Heap after GC invocations=1 (full 0):
 garbage-first heap   total 262144K, used 9519K [0x0000000080000000, 0x0000000100000000)
  region size 1024K, 3 young (3072K), 3 survivors (3072K)
 Metaspace       used 9881K, capacity 10109K, committed 10368K, reserved 1058816K
  class space    used 1017K, capacity 1072K, committed 1152K, reserved 1048576K
}
Event: 5.083 GC heap before
{Heap before GC invocations=1 (full 0):
 garbage-first heap   total 262144K, used 110895K [0x0000000080000000, 0x0000000100000000)
  region size 1024K, 103 young (105472K), 3 survivors (3072K)
 Metaspace       used 20703K, capacity 21163K, committed 21296K, reserved 1069056K
  class space    used 2504K, capacity 2665K, committed 2688K, reserved 1048576K
}
Event: 5.088 GC heap after
{Heap after GC invocations=2 (full 0):
 garbage-first heap   total 262144K, used 16980K [0x0000000080000000, 0x0000000100000000)
  region size 1024K, 11 young (11264K), 11 survivors (11264K)
 Metaspace       used 20703K, capacity 21163K, committed 21296K, reserved 1069056K
  class space    used 2504K, capacity 2665K, committed 2688K, reserved 1048576K
}
Event: 5.264 GC heap before
{Heap before GC invocations=3 (full 0):
 garbage-first heap   total 262144K, used 47700K [0x0000000080000000, 0x0000000100000000)
  region size 1024K, 41 young (41984K), 11 survivors (11264K)
 Metaspace       used 23145K, capacity 23738K, committed 23856K, reserved 1071104K
  class space    used 2941K, capacity 3146K, committed 3200K, reserved 1048576K
}
Event: 5.268 GC heap after
{Heap after GC invocations=4 (full 0):
 garbage-first heap   total 262144K, used 18131K [0x0000000080000000, 0x0000000100000000)
  region size 1024K, 2 young (2048K), 2 survivors (2048K)
 Metaspace       used 23145K, capacity 23738K, committed 23856K, reserved 1071104K
  class space    used 2941K, capacity 3146K, committed 3200K, reserved 1048576K
}

